<?xml version="1.0" encoding="UTF-8"?>
<coverage generated="1626346417218" clover="3.2.0">
  <project timestamp="1626346417218" name="All files">
    <metrics statements="48" coveredstatements="48" conditionals="22" coveredconditionals="16" methods="12" coveredmethods="12" elements="82" coveredelements="76" complexity="0" loc="48" ncloc="48" packages="1" files="2" classes="2"/>
    <file name="EntitySchema.ts" path="/Users/yuxi.han/Documents/shopee/demo/ShopeeET/entryTask1/src/EntitySchema.ts">
      <metrics statements="18" coveredstatements="18" conditionals="10" coveredconditionals="7" methods="5" coveredmethods="5"/>
      <line num="16" count="1" type="stmt"/>
      <line num="20" count="5" type="cond" truecount="3" falsecount="1"/>
      <line num="21" count="3" type="cond" truecount="2" falsecount="0"/>
      <line num="22" count="3" type="stmt"/>
      <line num="23" count="3" type="stmt"/>
      <line num="24" count="3" type="stmt"/>
      <line num="29" count="1" type="stmt"/>
      <line num="30" count="2" type="stmt"/>
      <line num="34" count="1" type="stmt"/>
      <line num="35" count="4" type="stmt"/>
      <line num="36" count="4" type="stmt"/>
      <line num="43" count="1" type="stmt"/>
      <line num="44" count="3" type="cond" truecount="1" falsecount="1"/>
      <line num="45" count="3" type="stmt"/>
      <line num="47" count="3" type="stmt"/>
      <line num="48" count="3" type="cond" truecount="1" falsecount="1"/>
      <line num="49" count="3" type="stmt"/>
      <line num="53" count="1" type="stmt"/>
    </file>
    <file name="Normalize.ts" path="/Users/yuxi.han/Documents/shopee/demo/ShopeeET/entryTask1/src/Normalize.ts">
      <metrics statements="30" coveredstatements="30" conditionals="12" coveredconditionals="9" methods="7" coveredmethods="7"/>
      <line num="1" count="1" type="stmt"/>
      <line num="19" count="1" type="stmt"/>
      <line num="20" count="3" type="cond" truecount="2" falsecount="0"/>
      <line num="21" count="1" type="stmt"/>
      <line num="23" count="2" type="stmt"/>
      <line num="31" count="1" type="stmt"/>
      <line num="38" count="2" type="stmt"/>
      <line num="41" count="2" type="stmt"/>
      <line num="44" count="2" type="cond" truecount="1" falsecount="1"/>
      <line num="45" count="2" type="stmt"/>
      <line num="50" count="2" type="stmt"/>
      <line num="54" count="2" type="stmt"/>
      <line num="69" count="1" type="stmt"/>
      <line num="70" count="1" type="stmt"/>
      <line num="81" count="1" type="stmt"/>
      <line num="85" count="2" type="stmt"/>
      <line num="86" count="2" type="cond" truecount="1" falsecount="1"/>
      <line num="90" count="2" type="stmt"/>
      <line num="91" count="2" type="cond" truecount="2" falsecount="0"/>
      <line num="94" count="2" type="stmt"/>
      <line num="95" count="2" type="cond" truecount="2" falsecount="0"/>
      <line num="96" count="2" type="stmt"/>
      <line num="101" count="2" type="stmt"/>
      <line num="103" count="2" type="stmt"/>
      <line num="111" count="1" type="stmt"/>
      <line num="112" count="1" type="stmt"/>
      <line num="114" count="1" type="stmt"/>
      <line num="116" count="1" type="stmt"/>
      <line num="119" count="1" type="stmt"/>
      <line num="128" count="1" type="stmt"/>
    </file>
  </project>
</coverage>
