{"/Users/yuxi.han/Documents/shopee/demo/ShopeeET/entryTask1/src/Denormalize.ts": {"path":"/Users/yuxi.han/Documents/shopee/demo/ShopeeET/entryTask1/src/Denormalize.ts","statementMap":{"0":{"start":{"line":2,"column":0},"end":{"line":2,"column":42}},"1":{"start":{"line":12,"column":27},"end":{"line":20,"column":1}},"2":{"start":{"line":14,"column":2},"end":{"line":14,"column":38}},"3":{"start":{"line":15,"column":2},"end":{"line":15,"column":38}},"4":{"start":{"line":16,"column":2},"end":{"line":16,"column":41}},"5":{"start":{"line":19,"column":2},"end":{"line":19,"column":null}},"6":{"start":{"line":12,"column":13},"end":{"line":12,"column":27}},"7":{"start":{"line":22,"column":21},"end":{"line":31,"column":1}},"8":{"start":{"line":23,"column":16},"end":{"line":23,"column":18}},"9":{"start":{"line":24,"column":20},"end":{"line":24,"column":41}},"10":{"start":{"line":25,"column":2},"end":{"line":30,"column":null}},"11":{"start":{"line":26,"column":27},"end":{"line":26,"column":57}},"12":{"start":{"line":27,"column":4},"end":{"line":29,"column":null}},"13":{"start":{"line":39,"column":20},"end":{"line":39,"column":49}},"14":{"start":{"line":39,"column":48},"end":{"line":43,"column":null}},"15":{"start":{"line":41,"column":20},"end":{"line":41,"column":36}},"16":{"start":{"line":42,"column":2},"end":{"line":42,"column":null}},"17":{"start":{"line":55,"column":26},"end":{"line":88,"column":1}},"18":{"start":{"line":57,"column":14},"end":{"line":57,"column":35}},"19":{"start":{"line":58,"column":20},"end":{"line":58,"column":36}},"20":{"start":{"line":59,"column":2},"end":{"line":59,"column":33}},"21":{"start":{"line":61,"column":2},"end":{"line":61,"column":30}},"22":{"start":{"line":64,"column":23},"end":{"line":64,"column":36}},"23":{"start":{"line":66,"column":24},"end":{"line":66,"column":37}},"24":{"start":{"line":68,"column":2},"end":{"line":70,"column":null}},"25":{"start":{"line":69,"column":4},"end":{"line":69,"column":null}},"26":{"start":{"line":71,"column":2},"end":{"line":85,"column":null}},"27":{"start":{"line":73,"column":4},"end":{"line":82,"column":null}},"28":{"start":{"line":75,"column":6},"end":{"line":81,"column":null}},"29":{"start":{"line":77,"column":22},"end":{"line":77,"column":40}},"30":{"start":{"line":80,"column":8},"end":{"line":80,"column":null}},"31":{"start":{"line":84,"column":4},"end":{"line":84,"column":43}},"32":{"start":{"line":87,"column":2},"end":{"line":87,"column":30}},"33":{"start":{"line":94,"column":28},"end":{"line":118,"column":1}},"34":{"start":{"line":95,"column":14},"end":{"line":95,"column":28}},"35":{"start":{"line":96,"column":2},"end":{"line":96,"column":39}},"36":{"start":{"line":98,"column":2},"end":{"line":98,"column":38}},"37":{"start":{"line":100,"column":21},"end":{"line":100,"column":23}},"38":{"start":{"line":101,"column":24},"end":{"line":101,"column":47}},"39":{"start":{"line":103,"column":2},"end":{"line":115,"column":null}},"40":{"start":{"line":104,"column":22},"end":{"line":104,"column":57}},"41":{"start":{"line":105,"column":4},"end":{"line":114,"column":null}},"42":{"start":{"line":106,"column":6},"end":{"line":108,"column":null}},"43":{"start":{"line":107,"column":8},"end":{"line":107,"column":34}},"44":{"start":{"line":109,"column":6},"end":{"line":109,"column":null}},"45":{"start":{"line":111,"column":6},"end":{"line":113,"column":null}},"46":{"start":{"line":112,"column":8},"end":{"line":112,"column":34}},"47":{"start":{"line":117,"column":2},"end":{"line":117,"column":null}}},"fnMap":{"0":{"name":"(anonymous_3)","decl":{"start":{"line":12,"column":27},"end":{"line":12,"column":28}},"loc":{"start":{"line":12,"column":88},"end":{"line":20,"column":1}}},"1":{"name":"(anonymous_4)","decl":{"start":{"line":22,"column":21},"end":{"line":22,"column":22}},"loc":{"start":{"line":22,"column":44},"end":{"line":31,"column":1}}},"2":{"name":"unFlatten","decl":{"start":{"line":25,"column":18},"end":{"line":25,"column":27}},"loc":{"start":{"line":25,"column":64},"end":{"line":30,"column":3}}},"3":{"name":"(anonymous_6)","decl":{"start":{"line":39,"column":20},"end":{"line":39,"column":21}},"loc":{"start":{"line":39,"column":43},"end":{"line":39,"column":49}}},"4":{"name":"(anonymous_7)","decl":{"start":{"line":39,"column":48},"end":{"line":39,"column":49}},"loc":{"start":{"line":39,"column":91},"end":{"line":43,"column":1}}},"5":{"name":"(anonymous_8)","decl":{"start":{"line":55,"column":26},"end":{"line":55,"column":27}},"loc":{"start":{"line":55,"column":112},"end":{"line":88,"column":1}}},"6":{"name":"(anonymous_9)","decl":{"start":{"line":73,"column":39},"end":{"line":73,"column":42}},"loc":{"start":{"line":73,"column":42},"end":{"line":82,"column":5}}},"7":{"name":"(anonymous_10)","decl":{"start":{"line":94,"column":28},"end":{"line":94,"column":29}},"loc":{"start":{"line":94,"column":67},"end":{"line":118,"column":1}}},"8":{"name":"(anonymous_11)","decl":{"start":{"line":103,"column":30},"end":{"line":103,"column":33}},"loc":{"start":{"line":103,"column":33},"end":{"line":115,"column":3}}}},"branchMap":{"0":{"loc":{"start":{"line":28,"column":8},"end":{"line":28,"column":70}},"type":"cond-expr","locations":[{"start":{"line":28,"column":8},"end":{"line":28,"column":70}},{"start":{"line":29,"column":8},"end":{"line":29,"column":54}}]},"1":{"loc":{"start":{"line":42,"column":42},"end":{"line":42,"column":52}},"type":"cond-expr","locations":[{"start":{"line":42,"column":42},"end":{"line":42,"column":52}},{"start":{"line":42,"column":55},"end":{"line":42,"column":86}}]},"2":{"loc":{"start":{"line":68,"column":2},"end":{"line":70,"column":null}},"type":"if","locations":[{"start":{"line":68,"column":2},"end":{"line":70,"column":null}},{"start":{"line":68,"column":2},"end":{"line":70,"column":null}}]},"3":{"loc":{"start":{"line":71,"column":2},"end":{"line":85,"column":null}},"type":"if","locations":[{"start":{"line":71,"column":2},"end":{"line":85,"column":null}},{"start":{"line":71,"column":2},"end":{"line":85,"column":null}}]},"4":{"loc":{"start":{"line":75,"column":6},"end":{"line":81,"column":null}},"type":"if","locations":[{"start":{"line":75,"column":6},"end":{"line":81,"column":null}},{"start":{"line":75,"column":6},"end":{"line":81,"column":null}}]},"5":{"loc":{"start":{"line":105,"column":4},"end":{"line":114,"column":null}},"type":"if","locations":[{"start":{"line":105,"column":4},"end":{"line":114,"column":null}},{"start":{"line":105,"column":4},"end":{"line":114,"column":null}}]},"6":{"loc":{"start":{"line":106,"column":6},"end":{"line":108,"column":null}},"type":"if","locations":[{"start":{"line":106,"column":6},"end":{"line":108,"column":null}},{"start":{"line":106,"column":6},"end":{"line":108,"column":null}}]},"7":{"loc":{"start":{"line":111,"column":6},"end":{"line":113,"column":null}},"type":"if","locations":[{"start":{"line":111,"column":6},"end":{"line":113,"column":null}},{"start":{"line":111,"column":6},"end":{"line":113,"column":null}}]},"8":{"loc":{"start":{"line":117,"column":25},"end":{"line":117,"column":28}},"type":"cond-expr","locations":[{"start":{"line":117,"column":25},"end":{"line":117,"column":28}},{"start":{"line":117,"column":31},"end":{"line":117,"column":37}}]}},"s":{"0":1,"1":1,"2":1,"3":1,"4":1,"5":1,"6":1,"7":1,"8":1,"9":1,"10":1,"11":6,"12":6,"13":1,"14":1,"15":4,"16":4,"17":1,"18":4,"19":4,"20":4,"21":4,"22":4,"23":4,"24":4,"25":3,"26":4,"27":4,"28":3,"29":3,"30":3,"31":4,"32":4,"33":1,"34":2,"35":2,"36":2,"37":2,"38":2,"39":2,"40":2,"41":2,"42":1,"43":1,"44":1,"45":1,"46":1,"47":2},"f":{"0":1,"1":1,"2":6,"3":1,"4":4,"5":4,"6":3,"7":2,"8":2},"b":{"0":[4,2],"1":[0,4],"2":[3,1],"3":[4,0],"4":[3,0],"5":[1,1],"6":[1,0],"7":[1,0],"8":[1,1]}}
,"/Users/yuxi.han/Documents/shopee/demo/ShopeeET/entryTask1/src/EntitySchema.ts": {"path":"/Users/yuxi.han/Documents/shopee/demo/ShopeeET/entryTask1/src/EntitySchema.ts","statementMap":{"0":{"start":{"line":13,"column":0},"end":{"line":13,"column":null}},"1":{"start":{"line":17,"column":28},"end":{"line":17,"column":57}},"2":{"start":{"line":17,"column":57},"end":{"line":17,"column":null}},"3":{"start":{"line":16,"column":2},"end":{"line":16,"column":24}},"4":{"start":{"line":18,"column":4},"end":{"line":18,"column":21}},"5":{"start":{"line":19,"column":4},"end":{"line":19,"column":56}},"6":{"start":{"line":20,"column":4},"end":{"line":20,"column":28}},"7":{"start":{"line":24,"column":2},"end":{"line":26,"column":null}},"8":{"start":{"line":25,"column":4},"end":{"line":25,"column":null}},"9":{"start":{"line":29,"column":2},"end":{"line":32,"column":null}},"10":{"start":{"line":30,"column":14},"end":{"line":30,"column":30}},"11":{"start":{"line":31,"column":4},"end":{"line":31,"column":null}},"12":{"start":{"line":38,"column":2},"end":{"line":48,"column":null}},"13":{"start":{"line":40,"column":4},"end":{"line":42,"column":null}},"14":{"start":{"line":41,"column":6},"end":{"line":41,"column":null}},"15":{"start":{"line":43,"column":4},"end":{"line":47,"column":null}},"16":{"start":{"line":44,"column":6},"end":{"line":46,"column":null}},"17":{"start":{"line":45,"column":8},"end":{"line":45,"column":null}},"18":{"start":{"line":49,"column":0},"end":{"line":49,"column":null}}},"fnMap":{"0":{"name":"(anonymous_0)","decl":{"start":{"line":13,"column":0},"end":{"line":13,"column":null}},"loc":{"start":{"line":13,"column":0},"end":{"line":49,"column":null}}},"1":{"name":"EntitySchema","decl":{"start":{"line":17,"column":2},"end":{"line":17,"column":14}},"loc":{"start":{"line":17,"column":95},"end":{"line":21,"column":3}}},"2":{"name":"(anonymous_2)","decl":{"start":{"line":24,"column":2},"end":{"line":24,"column":9}},"loc":{"start":{"line":24,"column":2},"end":{"line":26,"column":3}}},"3":{"name":"(anonymous_3)","decl":{"start":{"line":29,"column":2},"end":{"line":29,"column":7}},"loc":{"start":{"line":29,"column":23},"end":{"line":32,"column":3}}},"4":{"name":"(anonymous_4)","decl":{"start":{"line":38,"column":2},"end":{"line":38,"column":6}},"loc":{"start":{"line":38,"column":29},"end":{"line":48,"column":3}}}},"branchMap":{"0":{"loc":{"start":{"line":17,"column":28},"end":{"line":17,"column":57}},"type":"if","locations":[{"start":{"line":17,"column":28},"end":{"line":17,"column":57}},{"start":{"line":17,"column":28},"end":{"line":17,"column":57}}]},"1":{"loc":{"start":{"line":17,"column":57},"end":{"line":17,"column":null}},"type":"if","locations":[{"start":{"line":17,"column":57},"end":{"line":17,"column":null}},{"start":{"line":17,"column":57},"end":{"line":17,"column":null}}]},"2":{"loc":{"start":{"line":19,"column":23},"end":{"line":19,"column":47}},"type":"binary-expr","locations":[{"start":{"line":19,"column":23},"end":{"line":19,"column":47}},{"start":{"line":19,"column":51},"end":{"line":19,"column":55}}]},"3":{"loc":{"start":{"line":40,"column":4},"end":{"line":42,"column":null}},"type":"if","locations":[{"start":{"line":40,"column":4},"end":{"line":42,"column":null}},{"start":{"line":40,"column":4},"end":{"line":42,"column":null}}]},"4":{"loc":{"start":{"line":44,"column":6},"end":{"line":46,"column":null}},"type":"if","locations":[{"start":{"line":44,"column":6},"end":{"line":46,"column":null}},{"start":{"line":44,"column":6},"end":{"line":46,"column":null}}]}},"s":{"0":1,"1":3,"2":5,"3":3,"4":3,"5":3,"6":3,"7":1,"8":12,"9":1,"10":8,"11":8,"12":1,"13":3,"14":0,"15":3,"16":3,"17":3,"18":1},"f":{"0":1,"1":3,"2":12,"3":8,"4":3},"b":{"0":[0,3],"1":[2,1],"2":[3,2],"3":[0,3],"4":[3,0]}}
,"/Users/yuxi.han/Documents/shopee/demo/ShopeeET/entryTask1/src/Normalize.ts": {"path":"/Users/yuxi.han/Documents/shopee/demo/ShopeeET/entryTask1/src/Normalize.ts","statementMap":{"0":{"start":{"line":1,"column":0},"end":{"line":1,"column":42}},"1":{"start":{"line":12,"column":16},"end":{"line":19,"column":1}},"2":{"start":{"line":14,"column":2},"end":{"line":16,"column":null}},"3":{"start":{"line":15,"column":4},"end":{"line":15,"column":null}},"4":{"start":{"line":18,"column":2},"end":{"line":18,"column":null}},"5":{"start":{"line":27,"column":20},"end":{"line":27,"column":49}},"6":{"start":{"line":27,"column":48},"end":{"line":47,"column":null}},"7":{"start":{"line":29,"column":20},"end":{"line":29,"column":36}},"8":{"start":{"line":32,"column":13},"end":{"line":32,"column":42}},"9":{"start":{"line":35,"column":2},"end":{"line":37,"column":null}},"10":{"start":{"line":36,"column":4},"end":{"line":36,"column":null}},"11":{"start":{"line":40,"column":22},"end":{"line":40,"column":45}},"12":{"start":{"line":43,"column":2},"end":{"line":45,"column":22}},"13":{"start":{"line":57,"column":26},"end":{"line":92,"column":1}},"14":{"start":{"line":65,"column":14},"end":{"line":65,"column":28}},"15":{"start":{"line":66,"column":21},"end":{"line":66,"column":23}},"16":{"start":{"line":67,"column":24},"end":{"line":67,"column":47}},"17":{"start":{"line":80,"column":2},"end":{"line":88,"column":null}},"18":{"start":{"line":84,"column":26},"end":{"line":84,"column":37}},"19":{"start":{"line":86,"column":18},"end":{"line":86,"column":62}},"20":{"start":{"line":87,"column":4},"end":{"line":87,"column":58}},"21":{"start":{"line":91,"column":2},"end":{"line":91,"column":null}},"22":{"start":{"line":102,"column":24},"end":{"line":130,"column":1}},"23":{"start":{"line":108,"column":23},"end":{"line":108,"column":37}},"24":{"start":{"line":109,"column":24},"end":{"line":109,"column":30}},"25":{"start":{"line":112,"column":24},"end":{"line":112,"column":44}},"26":{"start":{"line":115,"column":2},"end":{"line":124,"column":null}},"27":{"start":{"line":117,"column":19},"end":{"line":117,"column":37}},"28":{"start":{"line":120,"column":19},"end":{"line":120,"column":67}},"29":{"start":{"line":123,"column":4},"end":{"line":123,"column":34}},"30":{"start":{"line":127,"column":2},"end":{"line":127,"column":44}},"31":{"start":{"line":129,"column":2},"end":{"line":129,"column":null}},"32":{"start":{"line":137,"column":25},"end":{"line":162,"column":1}},"33":{"start":{"line":138,"column":19},"end":{"line":138,"column":21}},"34":{"start":{"line":150,"column":20},"end":{"line":150,"column":41}},"35":{"start":{"line":153,"column":17},"end":{"line":153,"column":49}},"36":{"start":{"line":161,"column":2},"end":{"line":161,"column":null}},"37":{"start":{"line":137,"column":13},"end":{"line":137,"column":25}},"38":{"start":{"line":170,"column":13},"end":{"line":172,"column":null}}},"fnMap":{"0":{"name":"(anonymous_3)","decl":{"start":{"line":12,"column":16},"end":{"line":12,"column":17}},"loc":{"start":{"line":12,"column":69},"end":{"line":19,"column":1}}},"1":{"name":"(anonymous_4)","decl":{"start":{"line":27,"column":20},"end":{"line":27,"column":21}},"loc":{"start":{"line":27,"column":43},"end":{"line":27,"column":49}}},"2":{"name":"(anonymous_5)","decl":{"start":{"line":27,"column":48},"end":{"line":27,"column":49}},"loc":{"start":{"line":27,"column":139},"end":{"line":47,"column":1}}},"3":{"name":"(anonymous_6)","decl":{"start":{"line":57,"column":26},"end":{"line":57,"column":27}},"loc":{"start":{"line":57,"column":98},"end":{"line":92,"column":1}}},"4":{"name":"(anonymous_7)","decl":{"start":{"line":80,"column":30},"end":{"line":80,"column":33}},"loc":{"start":{"line":80,"column":33},"end":{"line":88,"column":3}}},"5":{"name":"(anonymous_8)","decl":{"start":{"line":102,"column":24},"end":{"line":102,"column":25}},"loc":{"start":{"line":102,"column":91},"end":{"line":130,"column":1}}},"6":{"name":"(anonymous_9)","decl":{"start":{"line":115,"column":37},"end":{"line":115,"column":38}},"loc":{"start":{"line":115,"column":41},"end":{"line":124,"column":3}}},"7":{"name":"(anonymous_10)","decl":{"start":{"line":137,"column":25},"end":{"line":137,"column":26}},"loc":{"start":{"line":137,"column":62},"end":{"line":162,"column":1}}}},"branchMap":{"0":{"loc":{"start":{"line":14,"column":2},"end":{"line":16,"column":null}},"type":"if","locations":[{"start":{"line":14,"column":2},"end":{"line":16,"column":null}},{"start":{"line":14,"column":2},"end":{"line":16,"column":null}}]},"1":{"loc":{"start":{"line":35,"column":2},"end":{"line":37,"column":null}},"type":"if","locations":[{"start":{"line":35,"column":2},"end":{"line":37,"column":null}},{"start":{"line":35,"column":2},"end":{"line":37,"column":null}}]},"2":{"loc":{"start":{"line":44,"column":6},"end":{"line":44,"column":49}},"type":"cond-expr","locations":[{"start":{"line":44,"column":6},"end":{"line":44,"column":49}},{"start":{"line":45,"column":6},"end":{"line":45,"column":21}}]},"3":{"loc":{"start":{"line":87,"column":20},"end":{"line":87,"column":35}},"type":"cond-expr","locations":[{"start":{"line":87,"column":20},"end":{"line":87,"column":35}},{"start":{"line":87,"column":38},"end":{"line":87,"column":57}}]},"4":{"loc":{"start":{"line":91,"column":25},"end":{"line":91,"column":28}},"type":"cond-expr","locations":[{"start":{"line":91,"column":25},"end":{"line":91,"column":28}},{"start":{"line":91,"column":31},"end":{"line":91,"column":37}}]}},"s":{"0":1,"1":1,"2":6,"3":2,"4":4,"5":1,"6":1,"7":4,"8":4,"9":4,"10":3,"11":4,"12":4,"13":1,"14":2,"15":2,"16":2,"17":2,"18":2,"19":2,"20":2,"21":2,"22":1,"23":4,"24":4,"25":4,"26":4,"27":3,"28":3,"29":3,"30":4,"31":4,"32":1,"33":1,"34":1,"35":1,"36":1,"37":1,"38":1},"f":{"0":6,"1":1,"2":4,"3":2,"4":2,"5":4,"6":3,"7":1},"b":{"0":[2,4],"1":[3,1],"2":[0,4],"3":[1,1],"4":[1,1]}}
}
