{"/Users/yuxi.han/Documents/shopee/demo/ShopeeET/entryTask1/src/EntitySchema.ts": {"path":"/Users/yuxi.han/Documents/shopee/demo/ShopeeET/entryTask1/src/EntitySchema.ts","statementMap":{"0":{"start":{"line":13,"column":0},"end":{"line":13,"column":null}},"1":{"start":{"line":17,"column":28},"end":{"line":17,"column":57}},"2":{"start":{"line":17,"column":57},"end":{"line":17,"column":null}},"3":{"start":{"line":16,"column":2},"end":{"line":16,"column":24}},"4":{"start":{"line":18,"column":4},"end":{"line":18,"column":21}},"5":{"start":{"line":19,"column":4},"end":{"line":19,"column":56}},"6":{"start":{"line":20,"column":4},"end":{"line":20,"column":28}},"7":{"start":{"line":24,"column":2},"end":{"line":26,"column":null}},"8":{"start":{"line":25,"column":4},"end":{"line":25,"column":null}},"9":{"start":{"line":29,"column":2},"end":{"line":32,"column":null}},"10":{"start":{"line":30,"column":14},"end":{"line":30,"column":30}},"11":{"start":{"line":31,"column":4},"end":{"line":31,"column":null}},"12":{"start":{"line":38,"column":2},"end":{"line":48,"column":null}},"13":{"start":{"line":40,"column":4},"end":{"line":42,"column":null}},"14":{"start":{"line":41,"column":6},"end":{"line":41,"column":null}},"15":{"start":{"line":43,"column":4},"end":{"line":47,"column":null}},"16":{"start":{"line":44,"column":6},"end":{"line":46,"column":null}},"17":{"start":{"line":45,"column":8},"end":{"line":45,"column":null}},"18":{"start":{"line":49,"column":0},"end":{"line":49,"column":null}}},"fnMap":{"0":{"name":"(anonymous_0)","decl":{"start":{"line":13,"column":0},"end":{"line":13,"column":null}},"loc":{"start":{"line":13,"column":0},"end":{"line":49,"column":null}}},"1":{"name":"EntitySchema","decl":{"start":{"line":17,"column":2},"end":{"line":17,"column":14}},"loc":{"start":{"line":17,"column":95},"end":{"line":21,"column":3}}},"2":{"name":"(anonymous_2)","decl":{"start":{"line":24,"column":2},"end":{"line":24,"column":9}},"loc":{"start":{"line":24,"column":2},"end":{"line":26,"column":3}}},"3":{"name":"(anonymous_3)","decl":{"start":{"line":29,"column":2},"end":{"line":29,"column":7}},"loc":{"start":{"line":29,"column":23},"end":{"line":32,"column":3}}},"4":{"name":"(anonymous_4)","decl":{"start":{"line":38,"column":2},"end":{"line":38,"column":6}},"loc":{"start":{"line":38,"column":29},"end":{"line":48,"column":3}}}},"branchMap":{"0":{"loc":{"start":{"line":17,"column":28},"end":{"line":17,"column":57}},"type":"if","locations":[{"start":{"line":17,"column":28},"end":{"line":17,"column":57}},{"start":{"line":17,"column":28},"end":{"line":17,"column":57}}]},"1":{"loc":{"start":{"line":17,"column":57},"end":{"line":17,"column":null}},"type":"if","locations":[{"start":{"line":17,"column":57},"end":{"line":17,"column":null}},{"start":{"line":17,"column":57},"end":{"line":17,"column":null}}]},"2":{"loc":{"start":{"line":19,"column":23},"end":{"line":19,"column":47}},"type":"binary-expr","locations":[{"start":{"line":19,"column":23},"end":{"line":19,"column":47}},{"start":{"line":19,"column":51},"end":{"line":19,"column":55}}]},"3":{"loc":{"start":{"line":40,"column":4},"end":{"line":42,"column":null}},"type":"if","locations":[{"start":{"line":40,"column":4},"end":{"line":42,"column":null}},{"start":{"line":40,"column":4},"end":{"line":42,"column":null}}]},"4":{"loc":{"start":{"line":44,"column":6},"end":{"line":46,"column":null}},"type":"if","locations":[{"start":{"line":44,"column":6},"end":{"line":46,"column":null}},{"start":{"line":44,"column":6},"end":{"line":46,"column":null}}]}},"s":{"0":1,"1":3,"2":5,"3":3,"4":3,"5":3,"6":3,"7":1,"8":4,"9":1,"10":8,"11":8,"12":1,"13":3,"14":0,"15":3,"16":3,"17":3,"18":1},"f":{"0":1,"1":3,"2":4,"3":8,"4":3},"b":{"0":[0,3],"1":[2,1],"2":[3,2],"3":[0,3],"4":[3,0]}}
,"/Users/yuxi.han/Documents/shopee/demo/ShopeeET/entryTask1/src/Normalize.ts": {"path":"/Users/yuxi.han/Documents/shopee/demo/ShopeeET/entryTask1/src/Normalize.ts","statementMap":{"0":{"start":{"line":1,"column":0},"end":{"line":1,"column":42}},"1":{"start":{"line":14,"column":16},"end":{"line":21,"column":1}},"2":{"start":{"line":16,"column":2},"end":{"line":18,"column":null}},"3":{"start":{"line":17,"column":4},"end":{"line":17,"column":null}},"4":{"start":{"line":20,"column":2},"end":{"line":20,"column":null}},"5":{"start":{"line":29,"column":20},"end":{"line":29,"column":49}},"6":{"start":{"line":29,"column":48},"end":{"line":49,"column":null}},"7":{"start":{"line":31,"column":20},"end":{"line":31,"column":36}},"8":{"start":{"line":34,"column":13},"end":{"line":34,"column":42}},"9":{"start":{"line":37,"column":2},"end":{"line":39,"column":null}},"10":{"start":{"line":38,"column":4},"end":{"line":38,"column":null}},"11":{"start":{"line":42,"column":22},"end":{"line":42,"column":45}},"12":{"start":{"line":45,"column":2},"end":{"line":47,"column":22}},"13":{"start":{"line":59,"column":26},"end":{"line":94,"column":1}},"14":{"start":{"line":67,"column":14},"end":{"line":67,"column":28}},"15":{"start":{"line":68,"column":21},"end":{"line":68,"column":23}},"16":{"start":{"line":69,"column":24},"end":{"line":69,"column":47}},"17":{"start":{"line":82,"column":2},"end":{"line":90,"column":null}},"18":{"start":{"line":86,"column":26},"end":{"line":86,"column":37}},"19":{"start":{"line":88,"column":18},"end":{"line":88,"column":62}},"20":{"start":{"line":89,"column":4},"end":{"line":89,"column":58}},"21":{"start":{"line":93,"column":2},"end":{"line":93,"column":null}},"22":{"start":{"line":104,"column":24},"end":{"line":132,"column":1}},"23":{"start":{"line":110,"column":23},"end":{"line":110,"column":37}},"24":{"start":{"line":111,"column":24},"end":{"line":111,"column":30}},"25":{"start":{"line":114,"column":24},"end":{"line":114,"column":44}},"26":{"start":{"line":117,"column":2},"end":{"line":126,"column":null}},"27":{"start":{"line":119,"column":19},"end":{"line":119,"column":37}},"28":{"start":{"line":122,"column":19},"end":{"line":122,"column":67}},"29":{"start":{"line":125,"column":4},"end":{"line":125,"column":34}},"30":{"start":{"line":129,"column":2},"end":{"line":129,"column":44}},"31":{"start":{"line":131,"column":2},"end":{"line":131,"column":null}},"32":{"start":{"line":139,"column":25},"end":{"line":164,"column":1}},"33":{"start":{"line":140,"column":19},"end":{"line":140,"column":21}},"34":{"start":{"line":152,"column":20},"end":{"line":152,"column":41}},"35":{"start":{"line":155,"column":17},"end":{"line":155,"column":49}},"36":{"start":{"line":163,"column":2},"end":{"line":163,"column":null}},"37":{"start":{"line":139,"column":13},"end":{"line":139,"column":25}},"38":{"start":{"line":172,"column":13},"end":{"line":174,"column":null}}},"fnMap":{"0":{"name":"(anonymous_3)","decl":{"start":{"line":14,"column":16},"end":{"line":14,"column":17}},"loc":{"start":{"line":14,"column":69},"end":{"line":21,"column":1}}},"1":{"name":"(anonymous_4)","decl":{"start":{"line":29,"column":20},"end":{"line":29,"column":21}},"loc":{"start":{"line":29,"column":43},"end":{"line":29,"column":49}}},"2":{"name":"(anonymous_5)","decl":{"start":{"line":29,"column":48},"end":{"line":29,"column":49}},"loc":{"start":{"line":29,"column":139},"end":{"line":49,"column":1}}},"3":{"name":"(anonymous_6)","decl":{"start":{"line":59,"column":26},"end":{"line":59,"column":27}},"loc":{"start":{"line":59,"column":98},"end":{"line":94,"column":1}}},"4":{"name":"(anonymous_7)","decl":{"start":{"line":82,"column":30},"end":{"line":82,"column":33}},"loc":{"start":{"line":82,"column":33},"end":{"line":90,"column":3}}},"5":{"name":"(anonymous_8)","decl":{"start":{"line":104,"column":24},"end":{"line":104,"column":25}},"loc":{"start":{"line":104,"column":91},"end":{"line":132,"column":1}}},"6":{"name":"(anonymous_9)","decl":{"start":{"line":117,"column":37},"end":{"line":117,"column":38}},"loc":{"start":{"line":117,"column":41},"end":{"line":126,"column":3}}},"7":{"name":"(anonymous_10)","decl":{"start":{"line":139,"column":25},"end":{"line":139,"column":26}},"loc":{"start":{"line":139,"column":62},"end":{"line":164,"column":1}}}},"branchMap":{"0":{"loc":{"start":{"line":16,"column":2},"end":{"line":18,"column":null}},"type":"if","locations":[{"start":{"line":16,"column":2},"end":{"line":18,"column":null}},{"start":{"line":16,"column":2},"end":{"line":18,"column":null}}]},"1":{"loc":{"start":{"line":37,"column":2},"end":{"line":39,"column":null}},"type":"if","locations":[{"start":{"line":37,"column":2},"end":{"line":39,"column":null}},{"start":{"line":37,"column":2},"end":{"line":39,"column":null}}]},"2":{"loc":{"start":{"line":46,"column":6},"end":{"line":46,"column":49}},"type":"cond-expr","locations":[{"start":{"line":46,"column":6},"end":{"line":46,"column":49}},{"start":{"line":47,"column":6},"end":{"line":47,"column":21}}]},"3":{"loc":{"start":{"line":89,"column":20},"end":{"line":89,"column":35}},"type":"cond-expr","locations":[{"start":{"line":89,"column":20},"end":{"line":89,"column":35}},{"start":{"line":89,"column":38},"end":{"line":89,"column":57}}]},"4":{"loc":{"start":{"line":93,"column":25},"end":{"line":93,"column":28}},"type":"cond-expr","locations":[{"start":{"line":93,"column":25},"end":{"line":93,"column":28}},{"start":{"line":93,"column":31},"end":{"line":93,"column":37}}]}},"s":{"0":1,"1":1,"2":6,"3":2,"4":4,"5":1,"6":1,"7":4,"8":4,"9":4,"10":3,"11":4,"12":4,"13":1,"14":2,"15":2,"16":2,"17":2,"18":2,"19":2,"20":2,"21":2,"22":1,"23":4,"24":4,"25":4,"26":4,"27":3,"28":3,"29":3,"30":4,"31":4,"32":1,"33":1,"34":1,"35":1,"36":1,"37":1,"38":1},"f":{"0":6,"1":1,"2":4,"3":2,"4":2,"5":4,"6":3,"7":1},"b":{"0":[2,4],"1":[3,1],"2":[0,4],"3":[1,1],"4":[1,1]}}
}
