TN:
SF:src/EntitySchema.ts
FN:13,(anonymous_0)
FN:17,EntitySchema
FN:24,(anonymous_2)
FN:29,(anonymous_3)
FN:38,(anonymous_4)
FNF:5
FNH:5
FNDA:1,(anonymous_0)
FNDA:3,EntitySchema
FNDA:4,(anonymous_2)
FNDA:8,(anonymous_3)
FNDA:3,(anonymous_4)
DA:13,1
DA:16,3
DA:17,5
DA:18,3
DA:19,3
DA:20,3
DA:24,1
DA:25,4
DA:29,1
DA:30,8
DA:31,8
DA:38,1
DA:40,3
DA:41,0
DA:43,3
DA:44,3
DA:45,3
DA:49,1
LF:18
LH:17
BRDA:17,0,0,0
BRDA:17,0,1,3
BRDA:17,1,0,2
BRDA:17,1,1,1
BRDA:19,2,0,3
BRDA:19,2,1,2
BRDA:40,3,0,0
BRDA:40,3,1,3
BRDA:44,4,0,3
BRDA:44,4,1,0
BRF:10
BRH:7
end_of_record
TN:
SF:src/Normalize.ts
FN:14,(anonymous_3)
FN:29,(anonymous_4)
FN:29,(anonymous_5)
FN:59,(anonymous_6)
FN:82,(anonymous_7)
FN:104,(anonymous_8)
FN:117,(anonymous_9)
FN:139,(anonymous_10)
FNF:8
FNH:8
FNDA:6,(anonymous_3)
FNDA:1,(anonymous_4)
FNDA:4,(anonymous_5)
FNDA:2,(anonymous_6)
FNDA:2,(anonymous_7)
FNDA:4,(anonymous_8)
FNDA:3,(anonymous_9)
FNDA:1,(anonymous_10)
DA:1,1
DA:14,1
DA:16,6
DA:17,2
DA:20,4
DA:29,1
DA:31,4
DA:34,4
DA:37,4
DA:38,3
DA:42,4
DA:45,4
DA:59,1
DA:67,2
DA:68,2
DA:69,2
DA:82,2
DA:86,2
DA:88,2
DA:89,2
DA:93,2
DA:104,1
DA:110,4
DA:111,4
DA:114,4
DA:117,4
DA:119,3
DA:122,3
DA:125,3
DA:129,4
DA:131,4
DA:139,1
DA:140,1
DA:152,1
DA:155,1
DA:163,1
DA:172,1
LF:37
LH:37
BRDA:16,0,0,2
BRDA:16,0,1,4
BRDA:37,1,0,3
BRDA:37,1,1,1
BRDA:46,2,0,0
BRDA:46,2,1,4
BRDA:89,3,0,1
BRDA:89,3,1,1
BRDA:93,4,0,1
BRDA:93,4,1,1
BRF:10
BRH:9
end_of_record
