TN:
SF:src/Denormalize.ts
FN:12,(anonymous_3)
FN:17,(anonymous_4)
FN:20,unFlatten
FN:34,(anonymous_6)
FN:34,(anonymous_7)
FN:47,(anonymous_8)
FN:59,(anonymous_9)
FN:76,(anonymous_10)
FN:81,(anonymous_11)
FNF:9
FNH:9
FNDA:1,(anonymous_3)
FNDA:1,(anonymous_4)
FNDA:6,unFlatten
FNDA:1,(anonymous_6)
FNDA:4,(anonymous_7)
FNDA:4,(anonymous_8)
FNDA:3,(anonymous_9)
FNDA:2,(anonymous_10)
FNDA:2,(anonymous_11)
DA:2,1
DA:12,1
DA:14,1
DA:17,1
DA:18,1
DA:19,1
DA:20,1
DA:21,6
DA:22,6
DA:34,1
DA:36,4
DA:38,4
DA:40,4
DA:47,1
DA:48,4
DA:49,4
DA:51,4
DA:53,4
DA:55,4
DA:56,3
DA:58,4
DA:59,4
DA:60,3
DA:61,3
DA:62,3
DA:65,4
DA:68,4
DA:76,1
DA:77,2
DA:78,2
DA:79,2
DA:81,2
DA:82,2
DA:83,2
DA:84,1
DA:85,1
DA:87,1
DA:89,1
DA:90,1
DA:95,2
LF:40
LH:40
BRDA:23,0,0,4
BRDA:23,0,1,2
BRDA:40,1,0,0
BRDA:40,1,1,4
BRDA:55,2,0,3
BRDA:55,2,1,1
BRDA:58,3,0,4
BRDA:58,3,1,0
BRDA:60,4,0,3
BRDA:60,4,1,0
BRDA:83,5,0,1
BRDA:83,5,1,1
BRDA:84,6,0,1
BRDA:84,6,1,0
BRDA:89,7,0,1
BRDA:89,7,1,0
BRDA:95,8,0,1
BRDA:95,8,1,1
BRF:18
BRH:13
end_of_record
TN:
SF:src/EntitySchema.ts
FN:13,(anonymous_0)
FN:17,EntitySchema
FN:24,(anonymous_2)
FN:29,(anonymous_3)
FN:38,(anonymous_4)
FNF:5
FNH:4
FNDA:1,(anonymous_0)
FNDA:3,EntitySchema
FNDA:8,(anonymous_2)
FNDA:0,(anonymous_3)
FNDA:3,(anonymous_4)
DA:13,1
DA:16,3
DA:17,5
DA:18,3
DA:19,3
DA:20,3
DA:24,1
DA:25,8
DA:29,1
DA:30,0
DA:31,0
DA:38,1
DA:40,3
DA:41,0
DA:43,3
DA:44,3
DA:45,3
DA:49,1
LF:18
LH:15
BRDA:17,0,0,0
BRDA:17,0,1,3
BRDA:17,1,0,2
BRDA:17,1,1,1
BRDA:19,2,0,3
BRDA:19,2,1,2
BRDA:40,3,0,0
BRDA:40,3,1,3
BRDA:44,4,0,3
BRDA:44,4,1,0
BRF:10
BRH:7
end_of_record
TN:
SF:src/Normalize.ts
FN:12,(anonymous_3)
FN:27,(anonymous_4)
FN:27,(anonymous_5)
FN:57,(anonymous_6)
FN:80,(anonymous_7)
FN:102,(anonymous_8)
FN:115,(anonymous_9)
FN:137,(anonymous_10)
FNF:8
FNH:0
FNDA:0,(anonymous_3)
FNDA:0,(anonymous_4)
FNDA:0,(anonymous_5)
FNDA:0,(anonymous_6)
FNDA:0,(anonymous_7)
FNDA:0,(anonymous_8)
FNDA:0,(anonymous_9)
FNDA:0,(anonymous_10)
DA:1,1
DA:12,1
DA:14,0
DA:15,0
DA:18,0
DA:27,1
DA:29,0
DA:32,0
DA:35,0
DA:36,0
DA:40,0
DA:43,0
DA:57,1
DA:65,0
DA:66,0
DA:67,0
DA:80,0
DA:84,0
DA:86,0
DA:87,0
DA:91,0
DA:102,1
DA:108,0
DA:109,0
DA:112,0
DA:115,0
DA:117,0
DA:120,0
DA:123,0
DA:127,0
DA:129,0
DA:137,1
DA:138,0
DA:150,0
DA:153,0
DA:161,0
DA:170,1
LF:37
LH:7
BRDA:14,0,0,0
BRDA:14,0,1,0
BRDA:35,1,0,0
BRDA:35,1,1,0
BRDA:44,2,0,0
BRDA:44,2,1,0
BRDA:87,3,0,0
BRDA:87,3,1,0
BRDA:91,4,0,0
BRDA:91,4,1,0
BRF:10
BRH:0
end_of_record
